<?xml version="1.0" encoding="UTF-8"?>
<testng-results skipped="0" failed="1" ignored="0" total="4" passed="3">
  <reporter-output>
    <line>
      <![CDATA[Discovery.com HomePage is Launched]]>
    </line>
    <line>
      <![CDATA[URL is launched]]>
    </line>
    <line>
      <![CDATA[Recommended Videos are Displayed]]>
    </line>
    <line>
      <![CDATA[List of Recommended Videos are : 15]]>
    </line>
    <line>
      <![CDATA[Video added to favourite List..]]>
    </line>
    <line>
      <![CDATA[Video Title :NAKED AND AFRAID XL]]>
    </line>
    <line>
      <![CDATA[Video Description :A group of the best survival experts in the world take on an un-survivable situation: 40 days. 40 nights. No food, water or…]]>
    </line>
    <line>
      <![CDATA[Browser is closed.]]>
    </line>
  </reporter-output>
  <suite name="Suite" duration-ms="85228" started-at="2019-08-08T19:04:30Z" finished-at="2019-08-08T19:05:55Z">
    <groups>
    </groups>
    <test name="Test" duration-ms="85228" started-at="2019-08-08T19:04:30Z" finished-at="2019-08-08T19:05:55Z">
      <class name="com.testScripts.DiscoveryTest">
        <test-method status="PASS" signature="browserSetUp(java.lang.String)[pri:0, instance:com.testScripts.DiscoveryTest@15c43bd9]" name="browserSetUp" is-config="true" duration-ms="37762" started-at="2019-08-09T00:34:30Z" finished-at="2019-08-09T00:35:08Z">
          <params>
            <param index="0">
              <value>
                <![CDATA[chrome]]>
              </value>
            </param>
          </params>
          <reporter-output>
            <line>
              <![CDATA[Discovery.com HomePage is Launched]]>
            </line>
          </reporter-output>
        </test-method> <!-- browserSetUp -->
        <test-method status="PASS" signature="URLValidation()[pri:0, instance:com.testScripts.DiscoveryTest@15c43bd9]" name="URLValidation" duration-ms="56" started-at="2019-08-09T00:35:08Z" finished-at="2019-08-09T00:35:08Z">
          <reporter-output>
            <line>
              <![CDATA[URL is launched]]>
            </line>
          </reporter-output>
        </test-method> <!-- URLValidation -->
        <test-method status="PASS" signature="validateRecommendedVideos()[pri:1, instance:com.testScripts.DiscoveryTest@15c43bd9]" name="validateRecommendedVideos" duration-ms="35805" started-at="2019-08-09T00:35:08Z" finished-at="2019-08-09T00:35:43Z">
          <reporter-output>
            <line>
              <![CDATA[Recommended Videos are Displayed]]>
            </line>
            <line>
              <![CDATA[List of Recommended Videos are : 15]]>
            </line>
          </reporter-output>
        </test-method> <!-- validateRecommendedVideos -->
        <test-method status="PASS" signature="addVideosToFavorites()[pri:2, instance:com.testScripts.DiscoveryTest@15c43bd9]" name="addVideosToFavorites" duration-ms="703" started-at="2019-08-09T00:35:43Z" finished-at="2019-08-09T00:35:44Z">
          <reporter-output>
            <line>
              <![CDATA[Video added to favourite List..]]>
            </line>
            <line>
              <![CDATA[Video Title :NAKED AND AFRAID XL]]>
            </line>
            <line>
              <![CDATA[Video Description :A group of the best survival experts in the world take on an un-survivable situation: 40 days. 40 nights. No food, water or…]]>
            </line>
          </reporter-output>
        </test-method> <!-- addVideosToFavorites -->
        <test-method status="FAIL" signature="verifyVideos()[pri:3, instance:com.testScripts.DiscoveryTest@15c43bd9]" name="verifyVideos" duration-ms="10042" started-at="2019-08-09T00:35:44Z" finished-at="2019-08-09T00:35:54Z">
          <exception class="org.openqa.selenium.NoSuchElementException">
            <message>
              <![CDATA[no such element: Unable to locate element: {"method":"xpath","selector":"//h2[@class='localStorageCarousel__heading']"}  (Session info: chrome=75.0.3770.142)  (Driver info: chromedriver=2.40.565498 (ea082db3280dd6843ebfb08a625e3eb905c4f5ab),platform=Windows NT 10.0.17134 x86_64) (WARNING: The server did not provide any stacktrace information)Command duration or timeout: 0 millisecondsFor documentation on this error, please visit: http://seleniumhq.org/exceptions/no_such_element.htmlBuild info: version: '3.14.0', revision: 'aacccce0', time: '2018-08-02T20:19:58.91Z'System info: host: 'NB1499-PC0KMVRR', ip: '172.20.165.2', os.name: 'Windows 8.1', os.arch: 'amd64', os.version: '6.3', java.version: '1.8.0_40'Driver info: org.openqa.selenium.chrome.ChromeDriverCapabilities {acceptInsecureCerts: false, acceptSslCerts: false, applicationCacheEnabled: false, browserConnectionEnabled: false, browserName: chrome, chrome: {chromedriverVersion: 2.40.565498 (ea082db3280dd6..., userDataDir: C:\Users\janaj\AppData\Loca...}, cssSelectorsEnabled: true, databaseEnabled: false, handlesAlerts: true, hasTouchScreen: false, javascriptEnabled: true, locationContextEnabled: true, mobileEmulationEnabled: false, nativeEvents: true, networkConnectionEnabled: false, pageLoadStrategy: normal, platform: XP, platformName: XP, rotatable: false, setWindowRect: true, takesHeapSnapshot: true, takesScreenshot: true, unexpectedAlertBehaviour: , unhandledPromptBehavior: , version: 75.0.3770.142, webStorageEnabled: true}Session ID: faec7b040ce9cbcbebf12b2e5af74d79*** Element info: {Using=xpath, value=//h2[@class='localStorageCarousel__heading']}]]>
            </message>
            <full-stacktrace>
              <![CDATA[org.openqa.selenium.NoSuchElementException: no such element: Unable to locate element: {"method":"xpath","selector":"//h2[@class='localStorageCarousel__heading']"}  (Session info: chrome=75.0.3770.142)  (Driver info: chromedriver=2.40.565498 (ea082db3280dd6843ebfb08a625e3eb905c4f5ab),platform=Windows NT 10.0.17134 x86_64) (WARNING: The server did not provide any stacktrace information)Command duration or timeout: 0 millisecondsFor documentation on this error, please visit: http://seleniumhq.org/exceptions/no_such_element.htmlBuild info: version: '3.14.0', revision: 'aacccce0', time: '2018-08-02T20:19:58.91Z'System info: host: 'NB1499-PC0KMVRR', ip: '172.20.165.2', os.name: 'Windows 8.1', os.arch: 'amd64', os.version: '6.3', java.version: '1.8.0_40'Driver info: org.openqa.selenium.chrome.ChromeDriverCapabilities {acceptInsecureCerts: false, acceptSslCerts: false, applicationCacheEnabled: false, browserConnectionEnabled: false, browserName: chrome, chrome: {chromedriverVersion: 2.40.565498 (ea082db3280dd6..., userDataDir: C:\Users\janaj\AppData\Loca...}, cssSelectorsEnabled: true, databaseEnabled: false, handlesAlerts: true, hasTouchScreen: false, javascriptEnabled: true, locationContextEnabled: true, mobileEmulationEnabled: false, nativeEvents: true, networkConnectionEnabled: false, pageLoadStrategy: normal, platform: XP, platformName: XP, rotatable: false, setWindowRect: true, takesHeapSnapshot: true, takesScreenshot: true, unexpectedAlertBehaviour: , unhandledPromptBehavior: , version: 75.0.3770.142, webStorageEnabled: true}Session ID: faec7b040ce9cbcbebf12b2e5af74d79*** Element info: {Using=xpath, value=//h2[@class='localStorageCarousel__heading']}at sun.reflect.NativeConstructorAccessorImpl.newInstance0(Native Method)at sun.reflect.NativeConstructorAccessorImpl.newInstance(Unknown Source)at sun.reflect.DelegatingConstructorAccessorImpl.newInstance(Unknown Source)at java.lang.reflect.Constructor.newInstance(Unknown Source)at org.openqa.selenium.remote.ErrorHandler.createThrowable(ErrorHandler.java:214)at org.openqa.selenium.remote.ErrorHandler.throwIfResponseFailed(ErrorHandler.java:166)at org.openqa.selenium.remote.http.JsonHttpResponseCodec.reconstructValue(JsonHttpResponseCodec.java:40)at org.openqa.selenium.remote.http.AbstractHttpResponseCodec.decode(AbstractHttpResponseCodec.java:80)at org.openqa.selenium.remote.http.AbstractHttpResponseCodec.decode(AbstractHttpResponseCodec.java:44)at org.openqa.selenium.remote.HttpCommandExecutor.execute(HttpCommandExecutor.java:158)at org.openqa.selenium.remote.service.DriverCommandExecutor.execute(DriverCommandExecutor.java:83)at org.openqa.selenium.remote.RemoteWebDriver.execute(RemoteWebDriver.java:548)at org.openqa.selenium.remote.RemoteWebDriver.findElement(RemoteWebDriver.java:322)at org.openqa.selenium.remote.RemoteWebDriver.findElementByXPath(RemoteWebDriver.java:424)at org.openqa.selenium.By$ByXPath.findElement(By.java:353)at org.openqa.selenium.remote.RemoteWebDriver.findElement(RemoteWebDriver.java:314)at org.openqa.selenium.support.pagefactory.DefaultElementLocator.findElement(DefaultElementLocator.java:69)at org.openqa.selenium.support.pagefactory.internal.LocatingElementHandler.invoke(LocatingElementHandler.java:38)at com.sun.proxy.$Proxy10.isDisplayed(Unknown Source)at com.pageobjects.MyVideosPage.validateFavShows(MyVideosPage.java:55)at com.testScripts.DiscoveryTest.verifyVideos(DiscoveryTest.java:46)at sun.reflect.NativeMethodAccessorImpl.invoke0(Native Method)at sun.reflect.NativeMethodAccessorImpl.invoke(Unknown Source)at sun.reflect.DelegatingMethodAccessorImpl.invoke(Unknown Source)at java.lang.reflect.Method.invoke(Unknown Source)at org.testng.internal.MethodInvocationHelper.invokeMethod(MethodInvocationHelper.java:124)at org.testng.internal.Invoker.invokeMethod(Invoker.java:571)at org.testng.internal.Invoker.invokeTestMethod(Invoker.java:707)at org.testng.internal.Invoker.invokeTestMethods(Invoker.java:979)at org.testng.internal.TestMethodWorker.invokeTestMethods(TestMethodWorker.java:125)at org.testng.internal.TestMethodWorker.run(TestMethodWorker.java:109)at org.testng.TestRunner.privateRun(TestRunner.java:648)at org.testng.TestRunner.run(TestRunner.java:505)at org.testng.SuiteRunner.runTest(SuiteRunner.java:455)at org.testng.SuiteRunner.runSequentially(SuiteRunner.java:450)at org.testng.SuiteRunner.privateRun(SuiteRunner.java:415)at org.testng.SuiteRunner.run(SuiteRunner.java:364)at org.testng.SuiteRunnerWorker.runSuite(SuiteRunnerWorker.java:52)at org.testng.SuiteRunnerWorker.run(SuiteRunnerWorker.java:84)at org.testng.TestNG.runSuitesSequentially(TestNG.java:1187)at org.testng.TestNG.runSuitesLocally(TestNG.java:1116)at org.testng.TestNG.runSuites(TestNG.java:1028)at org.testng.TestNG.run(TestNG.java:996)at org.testng.remote.AbstractRemoteTestNG.run(AbstractRemoteTestNG.java:114)at org.testng.remote.RemoteTestNG.initAndRun(RemoteTestNG.java:251)at org.testng.remote.RemoteTestNG.main(RemoteTestNG.java:77)]]>
            </full-stacktrace>
          </exception> <!-- org.openqa.selenium.NoSuchElementException -->
          <reporter-output>
          </reporter-output>
        </test-method> <!-- verifyVideos -->
        <test-method status="PASS" signature="browserClose()[pri:0, instance:com.testScripts.DiscoveryTest@15c43bd9]" name="browserClose" is-config="true" duration-ms="819" started-at="2019-08-09T00:35:54Z" finished-at="2019-08-09T00:35:55Z">
          <reporter-output>
            <line>
              <![CDATA[Browser is closed.]]>
            </line>
          </reporter-output>
        </test-method> <!-- browserClose -->
      </class> <!-- com.testScripts.DiscoveryTest -->
    </test> <!-- Test -->
  </suite> <!-- Suite -->
</testng-results>
