<?xml version="1.0" encoding="UTF-8"?>
<!-- Generated by org.testng.reporters.JUnitXMLReporter -->
<testsuite hostname="NB1499-PC0KMVRR" ignored="0" name="Test(failed)" tests="4" failures="4" timestamp="08 Aug 2019 14:03:06 GMT" time="41.474" errors="0">
  <testcase name="URLValidation" time="0.006" classname="com.testScripts.DiscoveryTest">
    <failure type="java.lang.NullPointerException">
      <![CDATA[java.lang.NullPointerExceptionat com.pageobjects.HomePage.validateURL(HomePage.java:59)at com.testScripts.DiscoveryTest.URLValidation(DiscoveryTest.java:20)... Removed 25 stack frames]]>
    </failure>
  </testcase> <!-- URLValidation -->
  <testcase name="validateRecommendedVideos" time="0.013" classname="com.testScripts.DiscoveryTest">
    <failure type="java.lang.NullPointerException">
      <![CDATA[java.lang.NullPointerExceptionat java.util.Objects.requireNonNull(Unknown Source)at org.openqa.selenium.interactions.Actions.<init>(Actions.java:66)at com.pageobjects.HomePage.navigateToRecomenndedVid(HomePage.java:68)at com.testScripts.DiscoveryTest.validateRecommendedVideos(DiscoveryTest.java:27)... Removed 25 stack frames]]>
    </failure>
  </testcase> <!-- validateRecommendedVideos -->
  <testcase name="addVideosToFavorites" time="0.002" classname="com.testScripts.DiscoveryTest">
    <failure type="java.lang.NullPointerException">
      <![CDATA[java.lang.NullPointerExceptionat org.openqa.selenium.support.pagefactory.DefaultElementLocator.findElement(DefaultElementLocator.java:69)at org.openqa.selenium.support.pagefactory.internal.LocatingElementHandler.invoke(LocatingElementHandler.java:38)at com.sun.proxy.$Proxy10.getText(Unknown Source)at com.pageobjects.HomePage.addToFavourite(HomePage.java:81)at com.testScripts.DiscoveryTest.addVideosToFavorites(DiscoveryTest.java:34)... Removed 25 stack frames]]>
    </failure>
  </testcase> <!-- addVideosToFavorites -->
  <testcase name="verifyVideos" time="0.003" classname="com.testScripts.DiscoveryTest">
    <failure type="java.lang.NullPointerException">
      <![CDATA[java.lang.NullPointerExceptionat org.openqa.selenium.support.pagefactory.DefaultElementLocator.findElement(DefaultElementLocator.java:69)at org.openqa.selenium.support.pagefactory.internal.LocatingElementHandler.invoke(LocatingElementHandler.java:38)at com.sun.proxy.$Proxy10.isDisplayed(Unknown Source)at com.pageobjects.MyVideosPage.validateFavShows(MyVideosPage.java:53)at com.testScripts.DiscoveryTest.verifyVideos(DiscoveryTest.java:42)... Removed 25 stack frames]]>
    </failure>
  </testcase> <!-- verifyVideos -->
</testsuite> <!-- Test(failed) -->
